[Gloo] Rank 0 is connected to 2 peer ranks. Expected number of connected peer ranks is : 2
[pre-init] host=jetson2 rank=0 world_size=3 master=10.126.126.3:29632
[startup][pp-direct-loader] host=jetson2 rank=0 local_rank=0 begin prepare multimodal startup payloads
[startup][direct-builder:multimodal_generate] host=jetson2 rank=0 local_rank=0 begin prepare multimodal frontend+direct session stages=[0:0-11,1:12-23,2:24-35]
[startup][direct-builder:multimodal_generate] host=jetson2 rank=0 local_rank=0 done prepare multimodal frontend+direct session stages=[0:0-11,1:12-23,2:24-35] in 19.30s
[startup][direct-builder:multimodal_generate] host=jetson2 rank=0 local_rank=0 builder session ready session_kind=mm-direct-active device=cuda:0 state_device=cpu compute_dtype=torch.bfloat16 num_layers=36 tp_shard_rank=None tp_shard_world_size=None include_text_weights=False include_runtime_reference=False
[startup][direct-builder:multimodal_generate] host=jetson2 rank=0 local_rank=0 multimodal_frontend_mode=active seed_ready=True startup_contract_ready=False
[startup][direct-builder:multimodal_generate] host=jetson2 rank=0 local_rank=0 begin capture prefill stage boundaries stages=[0:0-11,1:12-23,2:24-35]
[startup][direct-builder:multimodal_generate] host=jetson2 rank=0 local_rank=0 begin run file-backed multimodal prefill reference
[startup][direct-builder:multimodal_generate] host=jetson2 rank=0 local_rank=0 done run file-backed multimodal prefill reference in 4.13s
[startup][direct-builder:multimodal_generate] host=jetson2 rank=0 local_rank=0 done capture prefill stage boundaries stages=[0:0-11,1:12-23,2:24-35] in 4.13s
[startup][object-send] host=jetson2 rank=0 local_rank=0 sending multimodal_startup_contract_meta stage_idx=1 to dst=1 bytes=422
[startup][object-send] host=jetson2 rank=0 local_rank=0 sent multimodal_startup_contract_meta stage_idx=1 to dst=1 bytes=422
[startup][tensor-send] host=jetson2 rank=0 local_rank=0 sending multimodal_startup_contract_tensors stage_idx=1 to dst=1 tensors=13
[startup][tensor-send] host=jetson2 rank=0 local_rank=0 sent multimodal_startup_contract_tensors stage_idx=1 to dst=1 tensors=13
[startup][object-send] host=jetson2 rank=0 local_rank=0 sending multimodal_startup_contract_meta stage_idx=2 to dst=2 bytes=422
[startup][object-send] host=jetson2 rank=0 local_rank=0 sent multimodal_startup_contract_meta stage_idx=2 to dst=2 bytes=422
[startup][tensor-send] host=jetson2 rank=0 local_rank=0 sending multimodal_startup_contract_tensors stage_idx=2 to dst=2 tensors=13
[startup][tensor-send] host=jetson2 rank=0 local_rank=0 sent multimodal_startup_contract_tensors stage_idx=2 to dst=2 tensors=13
[startup][direct-builder:multimodal_generate] host=jetson2 rank=0 local_rank=0 releasing builder session session_kind=mm-direct-active
[startup][pp-direct-loader] host=jetson2 rank=0 local_rank=0 done prepare multimodal startup payloads in 24.99s
[startup][pp-direct-loader] host=jetson2 rank=0 local_rank=0 rank=0 locally building stage_idx=0 range=0:11
[startup][direct-builder:multimodal_generate] host=jetson2 rank=0 local_rank=0 begin prepare multimodal frontend+direct session stages=[0:0-11]
[startup][direct-builder:multimodal_generate] host=jetson2 rank=0 local_rank=0 done prepare multimodal frontend+direct session stages=[0:0-11] in 0.00s
[startup][direct-builder:multimodal_generate] host=jetson2 rank=0 local_rank=0 builder session ready session_kind=mm-direct-active device=cuda:0 state_device=cpu compute_dtype=torch.bfloat16 num_layers=36 tp_shard_rank=None tp_shard_world_size=None include_text_weights=True include_runtime_reference=False
[startup][direct-builder:multimodal_generate] host=jetson2 rank=0 local_rank=0 multimodal_frontend_mode=active seed_ready=True startup_contract_ready=True
[startup][direct-builder:multimodal_generate] host=jetson2 rank=0 local_rank=0 reuse multimodal startup contract stages=[0:0-11]
[startup][direct-builder:multimodal_generate] host=jetson2 rank=0 local_rank=0 begin materialize stage_idx=0 range=0:11
[startup][direct-builder:multimodal_generate] host=jetson2 rank=0 local_rank=0 begin load text stage weights stage_idx=0 range=0:11
[startup][direct-builder:multimodal_generate] host=jetson2 rank=0 local_rank=0 done load text stage weights stage_idx=0 range=0:11 in 0.02s
[startup][direct-builder:multimodal_generate] host=jetson2 rank=0 local_rank=0 done materialize stage_idx=0 range=0:11 in 0.02s
[startup][direct-builder:multimodal_generate] host=jetson2 rank=0 local_rank=0 releasing builder session session_kind=mm-direct-active
[startup][pp-direct-loader] host=jetson2 rank=0 local_rank=0 rank=0 entering post-load barrier
[startup][pp-direct-loader] host=jetson2 rank=0 local_rank=0 begin post-load barrier rank=0
[startup][pp-direct-loader] host=jetson2 rank=0 local_rank=0 done post-load barrier rank=0 in 0.00s
[startup][pp-direct-loader] host=jetson2 rank=0 local_rank=0 rank=0 local stage ready compute_dtype=torch.bfloat16
{
  "rank": 0,
  "backend": "pp",
  "pipeline_type": "multimodal_generate",
  "stage_idx": 0,
  "num_stages": 3,
  "start_idx": 0,
  "end_idx": 11,
  "num_layers": 12,
  "weight_load": {
    "tp_weight_sharded": false,
    "tp_shard_rank": null,
    "tp_shard_world_size": null,
    "tp_local_dims": {
      "local_attention_hidden_size": null,
      "local_kv_hidden_size": null,
      "local_intermediate_size": null
    },
    "tp_shard_shape_ok": true,
    "tp_sharded_projection_check_count": 0,
    "tp_shard_shape_mismatches": [],
    "tp_sharded_projection_examples": [],
    "tp_stage_loaded_weight_tensor_bytes": null,
    "tp_stage_loaded_weight_tensor_bytes_equal": null,
    "tp_stage_loaded_weight_tensor_bytes_checked": null,
    "stage_start_idx": 0,
    "stage_end_idx": 11,
    "loaded_layer_indices": [
      0,
      1,
      2,
      3,
      4,
      5,
      6,
      7,
      8,
      9,
      10,
      11
    ],
    "loaded_layer_count": 12,
    "loaded_top_level_weight_names": [
      "embed_tokens_weight"
    ],
    "unexpected_layer_indices": [],
    "stage_weight_scope_ok": true,
    "loaded_weight_tensor_count": 133,
    "loaded_weight_tensor_bytes": 3200251904,
    "loaded_weight_tensor_mib": 3051.998,
    "loaded_weight_tensor_examples": [
      {
        "name": "embed_tokens_weight",
        "shape": [
          151936,
          2560
        ],
        "dtype": "torch.bfloat16",
        "bytes": 777912320
      },
      {
        "name": "layers.0.q_weight",
        "shape": [
          4096,
          2560
        ],
        "dtype": "torch.bfloat16",
        "bytes": 20971520
      },
      {
        "name": "layers.0.k_weight",
        "shape": [
          1024,
          2560
        ],
        "dtype": "torch.bfloat16",
        "bytes": 5242880
      },
      {
        "name": "layers.0.v_weight",
        "shape": [
          1024,
          2560
        ],
        "dtype": "torch.bfloat16",
        "bytes": 5242880
      },
      {
        "name": "layers.0.o_weight",
        "shape": [
          2560,
          4096
        ],
        "dtype": "torch.bfloat16",
        "bytes": 20971520
      },
      {
        "name": "layers.0.q_norm_weight",
        "shape": [
          128
        ],
        "dtype": "torch.bfloat16",
        "bytes": 256
      },
      {
        "name": "layers.0.k_norm_weight",
        "shape": [
          128
        ],
        "dtype": "torch.bfloat16",
        "bytes": 256
      },
      {
        "name": "layers.0.gate_weight",
        "shape": [
          9728,
          2560
        ],
        "dtype": "torch.bfloat16",
        "bytes": 49807360
      }
    ],
    "tp_sharded_parameter_count": 0,
    "tp_replicated_parameter_count": 0,
    "tp_sharded_parameter_examples": [],
    "tp_replicated_parameter_examples": []
  },
  "device": "cuda:0",
  "comm_dtype": "torch.float32",
  "prefill_seq_len": 627,
  "max_new_tokens": 4,
  "prefill": {
    "input_shape": [
      1,
      627,
      2560
    ],
    "output_shape": [
      1,
      627,
      2560
    ],
    "received_payload_keys": [],
    "sent_payload_keys": [
      "hidden_states"
    ],
    "sent_tensor_shapes": {
      "hidden_states": [
        1,
        627,
        2560
      ]
    },
    "boundary_max_diff": null,
    "boundary_mean_diff": null,
    "embedding_max_diff": null,
    "embedding_mean_diff": null,
    "hidden_stage_max_diff": null,
    "hidden_stage_mean_diff": null,
    "norm_max_diff": null,
    "norm_mean_diff": null,
    "stage_max_diff": null,
    "stage_mean_diff": null,
    "predicted_token_id": null,
    "reference_token_id": null
  },
  "steps": [
    {
      "input_shape": [
        1,
        1,
        2560
      ],
      "output_shape": [
        1,
        1,
        2560
      ],
      "received_payload_keys": [],
      "sent_payload_keys": [
        "hidden_states"
      ],
      "sent_tensor_shapes": {
        "hidden_states": [
          1,
          1,
          2560
        ]
      },
      "boundary_max_diff": null,
      "boundary_mean_diff": null,
      "embedding_max_diff": null,
      "embedding_mean_diff": null,
      "hidden_stage_max_diff": null,
      "hidden_stage_mean_diff": null,
      "norm_max_diff": null,
      "norm_mean_diff": null,
      "stage_max_diff": null,
      "stage_mean_diff": null,
      "predicted_token_id": null,
      "reference_token_id": null
    },
    {
      "input_shape": [
        1,
        1,
        2560
      ],
      "output_shape": [
        1,
        1,
        2560
      ],
      "received_payload_keys": [],
      "sent_payload_keys": [
        "hidden_states"
      ],
      "sent_tensor_shapes": {
        "hidden_states": [
          1,
          1,
          2560
        ]
      },
      "boundary_max_diff": null,
      "boundary_mean_diff": null,
      "embedding_max_diff": null,
      "embedding_mean_diff": null,
      "hidden_stage_max_diff": null,
      "hidden_stage_mean_diff": null,
      "norm_max_diff": null,
      "norm_mean_diff": null,
      "stage_max_diff": null,
      "stage_mean_diff": null,
      "predicted_token_id": null,
      "reference_token_id": null
    },
    {
      "input_shape": [
        1,
        1,
        2560
      ],
      "output_shape": [
        1,
        1,
        2560
      ],
      "received_payload_keys": [],
      "sent_payload_keys": [
        "hidden_states"
      ],
      "sent_tensor_shapes": {
        "hidden_states": [
          1,
          1,
          2560
        ]
      },
      "boundary_max_diff": null,
      "boundary_mean_diff": null,
      "embedding_max_diff": null,
      "embedding_mean_diff": null,
      "hidden_stage_max_diff": null,
      "hidden_stage_mean_diff": null,
      "norm_max_diff": null,
      "norm_mean_diff": null,
      "stage_max_diff": null,
      "stage_mean_diff": null,
      "predicted_token_id": null,
      "reference_token_id": null
    }
  ],
  "generated_token_ids": [
    87140,
    15946,
    3837,
    101177
  ],
  "generated_text": "视频中，一名",
  "runtime_metrics": {
    "timing": {
      "runtime_total_seconds": 31.910485
    },
    "startup": {
      "event_count": 12,
      "events": [
        {
          "component": "direct-builder:multimodal_generate",
          "message": "prepare multimodal frontend+direct session stages=[0:0-11,1:12-23,2:24-35]",
          "status": "done",
          "elapsed_seconds": 19.299253,
          "kind": "prepare_session_seconds"
        },
        {
          "component": "direct-builder:multimodal_generate",
          "message": "run file-backed multimodal prefill reference",
          "status": "done",
          "elapsed_seconds": 4.125688,
          "kind": "other_seconds"
        },
        {
          "component": "direct-builder:multimodal_generate",
          "message": "capture prefill stage boundaries stages=[0:0-11,1:12-23,2:24-35]",
          "status": "done",
          "elapsed_seconds": 4.130076,
          "kind": "other_seconds"
        },
        {
          "component": "object-send",
          "message": "send multimodal_startup_contract_meta stage_idx=1 to dst=1",
          "status": "done",
          "elapsed_seconds": 0.001729,
          "kind": "startup_contract_transport_seconds"
        },
        {
          "component": "tensor-send",
          "message": "send multimodal_startup_contract_tensors stage_idx=1 to dst=1",
          "status": "done",
          "elapsed_seconds": 0.037497,
          "kind": "startup_contract_transport_seconds"
        },
        {
          "component": "object-send",
          "message": "send multimodal_startup_contract_meta stage_idx=2 to dst=2",
          "status": "done",
          "elapsed_seconds": 0.005481,
          "kind": "startup_contract_transport_seconds"
        },
        {
          "component": "tensor-send",
          "message": "send multimodal_startup_contract_tensors stage_idx=2 to dst=2",
          "status": "done",
          "elapsed_seconds": 0.845436,
          "kind": "startup_contract_transport_seconds"
        },
        {
          "component": "pp-direct-loader",
          "message": "prepare multimodal startup payloads",
          "status": "done",
          "elapsed_seconds": 24.991789,
          "kind": "other_seconds"
        },
        {
          "component": "direct-builder:multimodal_generate",
          "message": "prepare multimodal frontend+direct session stages=[0:0-11]",
          "status": "done",
          "elapsed_seconds": 0.004995,
          "kind": "prepare_session_seconds"
        },
        {
          "component": "direct-builder:multimodal_generate",
          "message": "load text stage weights stage_idx=0 range=0:11",
          "status": "done",
          "elapsed_seconds": 0.017851,
          "kind": "other_seconds"
        },
        {
          "component": "direct-builder:multimodal_generate",
          "message": "materialize stage_idx=0 range=0:11",
          "status": "done",
          "elapsed_seconds": 0.020212,
          "kind": "materialize_stage_seconds"
        },
        {
          "component": "pp-direct-loader",
          "message": "post-load barrier rank=0",
          "status": "done",
          "elapsed_seconds": 0.002782,
          "kind": "post_load_barrier_seconds"
        }
      ],
      "totals_by_component": {
        "direct-builder:multimodal_generate": 27.598075,
        "object-send": 0.00721,
        "pp-direct-loader": 24.994571,
        "tensor-send": 0.882933
      },
      "totals_by_kind": {
        "materialize_stage_seconds": 0.020212,
        "other_seconds": 33.265404,
        "post_load_barrier_seconds": 0.002782,
        "prepare_session_seconds": 19.304248,
        "scaffold_transport_seconds": 0.0,
        "startup_contract_prepare_seconds": 0.0,
        "startup_contract_seconds": 0.890143,
        "startup_contract_transport_seconds": 0.890143
      }
    },
    "transport": {
      "event_count": 8,
      "events": [
        {
          "kind": "startup_contract",
          "channel": "object-send",
          "operation": "send",
          "label": "multimodal_startup_contract_meta stage_idx=1",
          "peer": 1,
          "status": "done",
          "elapsed_seconds": 0.001729,
          "object_bytes": 422
        },
        {
          "kind": "startup_contract",
          "channel": "tensor-send",
          "operation": "send",
          "label": "multimodal_startup_contract_tensors stage_idx=1",
          "peer": 1,
          "status": "done",
          "elapsed_seconds": 0.037497,
          "object_bytes": null,
          "is_empty": false,
          "num_tensors": 13,
          "payload_keys": [
            "shared.input_ids",
            "shared.attention_mask_2d",
            "shared.position_ids",
            "shared.attention_mask",
            "shared.cos",
            "shared.sin",
            "shared.rope_deltas",
            "shared.mm_token_type_ids",
            "shared.image_grid_thw",
            "shared.video_grid_thw",
            "stage_handoffs.1.stage_input",
            "stage_handoffs.1.stage_output",
            "stage_visuals.1.visual_pos_masks"
          ],
          "tensor_shapes": {
            "shared.input_ids": [
              1,
              627
            ],
            "shared.attention_mask_2d": [
              1,
              627
            ],
            "shared.position_ids": [
              4,
              1,
              627
            ],
            "shared.attention_mask": [
              1,
              1,
              627,
              627
            ],
            "shared.cos": [
              1,
              627,
              128
            ],
            "shared.sin": [
              1,
              627,
              128
            ],
            "shared.rope_deltas": [
              1,
              1
            ],
            "shared.mm_token_type_ids": [
              1,
              627
            ],
            "shared.image_grid_thw": null,
            "shared.video_grid_thw": [
              1,
              3
            ],
            "stage_handoffs.1.stage_input": [
              1,
              627,
              2560
            ],
            "stage_handoffs.1.stage_output": [
              1,
              627,
              2560
            ],
            "stage_visuals.1.visual_pos_masks": null
          },
          "tensor_dtypes": {
            "shared.input_ids": "torch.int64",
            "shared.attention_mask_2d": "torch.int64",
            "shared.position_ids": "torch.int64",
            "shared.attention_mask": "torch.bfloat16",
            "shared.cos": "torch.bfloat16",
            "shared.sin": "torch.bfloat16",
            "shared.rope_deltas": "torch.int64",
            "shared.mm_token_type_ids": "torch.int64",
            "shared.image_grid_thw": null,
            "shared.video_grid_thw": "torch.int64",
            "stage_handoffs.1.stage_input": "torch.bfloat16",
            "stage_handoffs.1.stage_output": "torch.bfloat16",
            "stage_visuals.1.visual_pos_masks": null
          },
          "tensor_numels": {
            "shared.input_ids": 627,
            "shared.attention_mask_2d": 627,
            "shared.position_ids": 2508,
            "shared.attention_mask": 393129,
            "shared.cos": 80256,
            "shared.sin": 80256,
            "shared.rope_deltas": 1,
            "shared.mm_token_type_ids": 627,
            "shared.image_grid_thw": 0,
            "shared.video_grid_thw": 3,
            "stage_handoffs.1.stage_input": 1605120,
            "stage_handoffs.1.stage_output": 1605120,
            "stage_visuals.1.visual_pos_masks": 0
          },
          "tensor_bytes": {
            "shared.input_ids": 5016,
            "shared.attention_mask_2d": 5016,
            "shared.position_ids": 20064,
            "shared.attention_mask": 786258,
            "shared.cos": 160512,
            "shared.sin": 160512,
            "shared.rope_deltas": 8,
            "shared.mm_token_type_ids": 5016,
            "shared.image_grid_thw": 0,
            "shared.video_grid_thw": 24,
            "stage_handoffs.1.stage_input": 3210240,
            "stage_handoffs.1.stage_output": 3210240,
            "stage_visuals.1.visual_pos_masks": 0
          },
          "total_tensor_bytes": 7562906
        },
        {
          "kind": "startup_contract",
          "channel": "object-send",
          "operation": "send",
          "label": "multimodal_startup_contract_meta stage_idx=2",
          "peer": 2,
          "status": "done",
          "elapsed_seconds": 0.005481,
          "object_bytes": 422
        },
        {
          "kind": "startup_contract",
          "channel": "tensor-send",
          "operation": "send",
          "label": "multimodal_startup_contract_tensors stage_idx=2",
          "peer": 2,
          "status": "done",
          "elapsed_seconds": 0.845436,
          "object_bytes": null,
          "is_empty": false,
          "num_tensors": 13,
          "payload_keys": [
            "shared.input_ids",
            "shared.attention_mask_2d",
            "shared.position_ids",
            "shared.attention_mask",
            "shared.cos",
            "shared.sin",
            "shared.rope_deltas",
            "shared.mm_token_type_ids",
            "shared.image_grid_thw",
            "shared.video_grid_thw",
            "stage_handoffs.2.stage_input",
            "stage_handoffs.2.stage_output",
            "stage_visuals.2.visual_pos_masks"
          ],
          "tensor_shapes": {
            "shared.input_ids": [
              1,
              627
            ],
            "shared.attention_mask_2d": [
              1,
              627
            ],
            "shared.position_ids": [
              4,
              1,
              627
            ],
            "shared.attention_mask": [
              1,
              1,
              627,
              627
            ],
            "shared.cos": [
              1,
              627,
              128
            ],
            "shared.sin": [
              1,
              627,
              128
            ],
            "shared.rope_deltas": [
              1,
              1
            ],
            "shared.mm_token_type_ids": [
              1,
              627
            ],
            "shared.image_grid_thw": null,
            "shared.video_grid_thw": [
              1,
              3
            ],
            "stage_handoffs.2.stage_input": [
              1,
              627,
              2560
            ],
            "stage_handoffs.2.stage_output": [
              1,
              627,
              2560
            ],
            "stage_visuals.2.visual_pos_masks": null
          },
          "tensor_dtypes": {
            "shared.input_ids": "torch.int64",
            "shared.attention_mask_2d": "torch.int64",
            "shared.position_ids": "torch.int64",
            "shared.attention_mask": "torch.bfloat16",
            "shared.cos": "torch.bfloat16",
            "shared.sin": "torch.bfloat16",
            "shared.rope_deltas": "torch.int64",
            "shared.mm_token_type_ids": "torch.int64",
            "shared.image_grid_thw": null,
            "shared.video_grid_thw": "torch.int64",
            "stage_handoffs.2.stage_input": "torch.bfloat16",
            "stage_handoffs.2.stage_output": "torch.bfloat16",
            "stage_visuals.2.visual_pos_masks": null
          },
          "tensor_numels": {
            "shared.input_ids": 627,
            "shared.attention_mask_2d": 627,
            "shared.position_ids": 2508,
            "shared.attention_mask": 393129,
            "shared.cos": 80256,
            "shared.sin": 80256,
            "shared.rope_deltas": 1,
            "shared.mm_token_type_ids": 627,
            "shared.image_grid_thw": 0,
            "shared.video_grid_thw": 3,
            "stage_handoffs.2.stage_input": 1605120,
            "stage_handoffs.2.stage_output": 1605120,
            "stage_visuals.2.visual_pos_masks": 0
          },
          "tensor_bytes": {
            "shared.input_ids": 5016,
            "shared.attention_mask_2d": 5016,
            "shared.position_ids": 20064,
            "shared.attention_mask": 786258,
            "shared.cos": 160512,
            "shared.sin": 160512,
            "shared.rope_deltas": 8,
            "shared.mm_token_type_ids": 5016,
            "shared.image_grid_thw": 0,
            "shared.video_grid_thw": 24,
            "stage_handoffs.2.stage_input": 3210240,
            "stage_handoffs.2.stage_output": 3210240,
            "stage_visuals.2.visual_pos_masks": 0
          },
          "total_tensor_bytes": 7562906
        },
        {
          "kind": "stage_handoff",
          "channel": "stage_handoff",
          "operation": "send",
          "label": "stage_handoff",
          "peer": 1,
          "status": "done",
          "elapsed_seconds": 0.188114,
          "object_bytes": null,
          "is_empty": false,
          "num_tensors": 1,
          "payload_keys": [
            "hidden_states"
          ],
          "tensor_shapes": {
            "hidden_states": [
              1,
              627,
              2560
            ]
          },
          "tensor_dtypes": {
            "hidden_states": "torch.float32"
          },
          "tensor_numels": {
            "hidden_states": 1605120
          },
          "tensor_bytes": {
            "hidden_states": 6420480
          },
          "total_tensor_bytes": 6420480
        },
        {
          "kind": "stage_handoff",
          "channel": "stage_handoff",
          "operation": "send",
          "label": "stage_handoff",
          "peer": 1,
          "status": "done",
          "elapsed_seconds": 0.08865,
          "object_bytes": null,
          "is_empty": false,
          "num_tensors": 1,
          "payload_keys": [
            "hidden_states"
          ],
          "tensor_shapes": {
            "hidden_states": [
              1,
              1,
              2560
            ]
          },
          "tensor_dtypes": {
            "hidden_states": "torch.float32"
          },
          "tensor_numels": {
            "hidden_states": 2560
          },
          "tensor_bytes": {
            "hidden_states": 10240
          },
          "total_tensor_bytes": 10240
        },
        {
          "kind": "stage_handoff",
          "channel": "stage_handoff",
          "operation": "send",
          "label": "stage_handoff",
          "peer": 1,
          "status": "done",
          "elapsed_seconds": 0.012356,
          "object_bytes": null,
          "is_empty": false,
          "num_tensors": 1,
          "payload_keys": [
            "hidden_states"
          ],
          "tensor_shapes": {
            "hidden_states": [
              1,
              1,
              2560
            ]
          },
          "tensor_dtypes": {
            "hidden_states": "torch.float32"
          },
          "tensor_numels": {
            "hidden_states": 2560
          },
          "tensor_bytes": {
            "hidden_states": 10240
          },
          "total_tensor_bytes": 10240
        },
        {
          "kind": "stage_handoff",
          "channel": "stage_handoff",
          "operation": "send",
          "label": "stage_handoff",
          "peer": 1,
          "status": "done",
          "elapsed_seconds": 0.004647,
          "object_bytes": null,
          "is_empty": false,
          "num_tensors": 1,
          "payload_keys": [
            "hidden_states"
          ],
          "tensor_shapes": {
            "hidden_states": [
              1,
              1,
              2560
            ]
          },
          "tensor_dtypes": {
            "hidden_states": "torch.float32"
          },
          "tensor_numels": {
            "hidden_states": 2560
          },
          "tensor_bytes": {
            "hidden_states": 10240
          },
          "total_tensor_bytes": 10240
        }
      ],
      "totals_by_kind": {
        "other": {
          "event_count": 0,
          "elapsed_seconds": 0.0,
          "object_bytes": 0,
          "tensor_bytes": 0,
          "total_bytes": 0
        },
        "scaffold": {
          "event_count": 0,
          "elapsed_seconds": 0.0,
          "object_bytes": 0,
          "tensor_bytes": 0,
          "total_bytes": 0
        },
        "stage_handoff": {
          "event_count": 4,
          "elapsed_seconds": 0.293767,
          "object_bytes": 0,
          "tensor_bytes": 6451200,
          "total_bytes": 6451200
        },
        "startup_contract": {
          "event_count": 4,
          "elapsed_seconds": 0.890143,
          "object_bytes": 844,
          "tensor_bytes": 15125812,
          "total_bytes": 15126656
        },
        "tp_collective": {
          "event_count": 0,
          "elapsed_seconds": 0.0,
          "object_bytes": 0,
          "tensor_bytes": 0,
          "total_bytes": 0
        }
      },
      "totals_by_channel": {
        "object-send": {
          "event_count": 2,
          "elapsed_seconds": 0.00721,
          "object_bytes": 844,
          "tensor_bytes": 0,
          "total_bytes": 844
        },
        "stage_handoff": {
          "event_count": 4,
          "elapsed_seconds": 0.293767,
          "object_bytes": 0,
          "tensor_bytes": 6451200,
          "total_bytes": 6451200
        },
        "tensor-send": {
          "event_count": 2,
          "elapsed_seconds": 0.882933,
          "object_bytes": 0,
          "tensor_bytes": 15125812,
          "total_bytes": 15125812
        }
      }
    },
    "memory": {
      "cpu_max_rss_bytes": 9841688576,
      "cuda_available": true,
      "devices": [
        {
          "device": "cuda:0",
          "memory_allocated_bytes": 10485760,
          "memory_reserved_bytes": 4192206848,
          "max_memory_allocated_bytes": 4145911296,
          "max_memory_reserved_bytes": 4192206848
        }
      ],
      "peak_allocated_bytes": 4145911296,
      "peak_reserved_bytes": 4192206848
    }
  }
}
