[Gloo] Rank 0 is connected to 2 peer ranks. Expected number of connected peer ranks is : 2
[pre-init] host=jetson2 rank=0 world_size=3 master=10.126.126.3:29631
[startup][pp-direct-loader] host=jetson2 rank=0 local_rank=0 begin prepare runtime-only text prompt metadata
[startup][pp-direct-loader] host=jetson2 rank=0 local_rank=0 done prepare runtime-only text prompt metadata in 0.57s
[startup][pp-direct-loader] host=jetson2 rank=0 local_rank=0 rank=0 waiting runtime-only text prompt metadata broadcast from src=0
[startup][tensor-bcast] host=jetson2 rank=0 local_rank=0 broadcasting runtime_only_text_prompt_metadata src=0 local_has_payload=True
[startup][tensor-bcast] host=jetson2 rank=0 local_rank=0 broadcast done for runtime_only_text_prompt_metadata src=0 tensors=2
[startup][pp-direct-loader] host=jetson2 rank=0 local_rank=0 rank=0 locally building stage_idx=0 range=0:11
[startup][direct-builder:text_generate] host=jetson2 rank=0 local_rank=0 begin prepare runtime-only text session stages=[0:0-11]
[startup][direct-builder:text_generate] host=jetson2 rank=0 local_rank=0 done prepare runtime-only text session stages=[0:0-11] in 0.00s
[startup][direct-builder:text_generate] host=jetson2 rank=0 local_rank=0 builder session ready session_kind=runtime-only-text device=cuda:0 state_device=cpu compute_dtype=torch.bfloat16 num_layers=36 tp_shard_rank=None tp_shard_world_size=None include_text_weights=True include_runtime_reference=False
[startup][direct-builder:text_generate] host=jetson2 rank=0 local_rank=0 skip prefill boundary capture for runtime-only text generate stages=[0:0-11]
[startup][direct-builder:text_generate] host=jetson2 rank=0 local_rank=0 begin materialize stage_idx=0 range=0:11
[startup][direct-builder:text_generate] host=jetson2 rank=0 local_rank=0 begin load text stage weights stage_idx=0 range=0:11
[startup][direct-builder:text_generate] host=jetson2 rank=0 local_rank=0 done load text stage weights stage_idx=0 range=0:11 in 0.02s
[startup][direct-builder:text_generate] host=jetson2 rank=0 local_rank=0 done materialize stage_idx=0 range=0:11 in 0.02s
[startup][direct-builder:text_generate] host=jetson2 rank=0 local_rank=0 releasing builder session session_kind=runtime-only-text
[startup][pp-direct-loader] host=jetson2 rank=0 local_rank=0 rank=0 entering post-load barrier
[startup][pp-direct-loader] host=jetson2 rank=0 local_rank=0 begin post-load barrier rank=0
[startup][pp-direct-loader] host=jetson2 rank=0 local_rank=0 done post-load barrier rank=0 in 0.00s
[startup][pp-direct-loader] host=jetson2 rank=0 local_rank=0 rank=0 local stage ready compute_dtype=torch.bfloat16
{
  "rank": 0,
  "backend": "pp",
  "pipeline_type": "text_generate",
  "stage_idx": 0,
  "num_stages": 3,
  "start_idx": 0,
  "end_idx": 11,
  "num_layers": 12,
  "weight_load": {
    "tp_weight_sharded": false,
    "tp_shard_rank": null,
    "tp_shard_world_size": null,
    "tp_local_dims": {
      "local_attention_hidden_size": null,
      "local_kv_hidden_size": null,
      "local_intermediate_size": null
    },
    "tp_shard_shape_ok": true,
    "tp_sharded_projection_check_count": 0,
    "tp_shard_shape_mismatches": [],
    "tp_sharded_projection_examples": [],
    "tp_stage_loaded_weight_tensor_bytes": null,
    "tp_stage_loaded_weight_tensor_bytes_equal": null,
    "tp_stage_loaded_weight_tensor_bytes_checked": null,
    "stage_start_idx": 0,
    "stage_end_idx": 11,
    "loaded_layer_indices": [
      0,
      1,
      2,
      3,
      4,
      5,
      6,
      7,
      8,
      9,
      10,
      11
    ],
    "loaded_layer_count": 12,
    "loaded_top_level_weight_names": [
      "embed_tokens_weight"
    ],
    "unexpected_layer_indices": [],
    "stage_weight_scope_ok": true,
    "loaded_weight_tensor_count": 133,
    "loaded_weight_tensor_bytes": 3200251904,
    "loaded_weight_tensor_mib": 3051.998,
    "loaded_weight_tensor_examples": [
      {
        "name": "embed_tokens_weight",
        "shape": [
          151936,
          2560
        ],
        "dtype": "torch.bfloat16",
        "bytes": 777912320
      },
      {
        "name": "layers.0.q_weight",
        "shape": [
          4096,
          2560
        ],
        "dtype": "torch.bfloat16",
        "bytes": 20971520
      },
      {
        "name": "layers.0.k_weight",
        "shape": [
          1024,
          2560
        ],
        "dtype": "torch.bfloat16",
        "bytes": 5242880
      },
      {
        "name": "layers.0.v_weight",
        "shape": [
          1024,
          2560
        ],
        "dtype": "torch.bfloat16",
        "bytes": 5242880
      },
      {
        "name": "layers.0.o_weight",
        "shape": [
          2560,
          4096
        ],
        "dtype": "torch.bfloat16",
        "bytes": 20971520
      },
      {
        "name": "layers.0.q_norm_weight",
        "shape": [
          128
        ],
        "dtype": "torch.bfloat16",
        "bytes": 256
      },
      {
        "name": "layers.0.k_norm_weight",
        "shape": [
          128
        ],
        "dtype": "torch.bfloat16",
        "bytes": 256
      },
      {
        "name": "layers.0.gate_weight",
        "shape": [
          9728,
          2560
        ],
        "dtype": "torch.bfloat16",
        "bytes": 49807360
      }
    ],
    "tp_sharded_parameter_count": 0,
    "tp_replicated_parameter_count": 0,
    "tp_sharded_parameter_examples": [],
    "tp_replicated_parameter_examples": []
  },
  "device": "cuda:0",
  "comm_dtype": "torch.float32",
  "prefill_seq_len": 16,
  "max_new_tokens": 4,
  "prefill": {
    "input_shape": [
      1,
      16,
      2560
    ],
    "output_shape": [
      1,
      16,
      2560
    ],
    "received_payload_keys": [],
    "sent_payload_keys": [
      "hidden_states"
    ],
    "sent_tensor_shapes": {
      "hidden_states": [
        1,
        16,
        2560
      ]
    },
    "boundary_max_diff": null,
    "boundary_mean_diff": null,
    "embedding_max_diff": null,
    "embedding_mean_diff": null,
    "hidden_stage_max_diff": null,
    "hidden_stage_mean_diff": null,
    "norm_max_diff": null,
    "norm_mean_diff": null,
    "stage_max_diff": null,
    "stage_mean_diff": null,
    "predicted_token_id": null,
    "reference_token_id": null
  },
  "steps": [
    {
      "input_shape": [
        1,
        1,
        2560
      ],
      "output_shape": [
        1,
        1,
        2560
      ],
      "received_payload_keys": [],
      "sent_payload_keys": [
        "hidden_states"
      ],
      "sent_tensor_shapes": {
        "hidden_states": [
          1,
          1,
          2560
        ]
      },
      "boundary_max_diff": null,
      "boundary_mean_diff": null,
      "embedding_max_diff": null,
      "embedding_mean_diff": null,
      "hidden_stage_max_diff": null,
      "hidden_stage_mean_diff": null,
      "norm_max_diff": null,
      "norm_mean_diff": null,
      "stage_max_diff": null,
      "stage_mean_diff": null,
      "predicted_token_id": null,
      "reference_token_id": null
    },
    {
      "input_shape": [
        1,
        1,
        2560
      ],
      "output_shape": [
        1,
        1,
        2560
      ],
      "received_payload_keys": [],
      "sent_payload_keys": [
        "hidden_states"
      ],
      "sent_tensor_shapes": {
        "hidden_states": [
          1,
          1,
          2560
        ]
      },
      "boundary_max_diff": null,
      "boundary_mean_diff": null,
      "embedding_max_diff": null,
      "embedding_mean_diff": null,
      "hidden_stage_max_diff": null,
      "hidden_stage_mean_diff": null,
      "norm_max_diff": null,
      "norm_mean_diff": null,
      "stage_max_diff": null,
      "stage_mean_diff": null,
      "predicted_token_id": null,
      "reference_token_id": null
    },
    {
      "input_shape": [
        1,
        1,
        2560
      ],
      "output_shape": [
        1,
        1,
        2560
      ],
      "received_payload_keys": [],
      "sent_payload_keys": [
        "hidden_states"
      ],
      "sent_tensor_shapes": {
        "hidden_states": [
          1,
          1,
          2560
        ]
      },
      "boundary_max_diff": null,
      "boundary_mean_diff": null,
      "embedding_max_diff": null,
      "embedding_mean_diff": null,
      "hidden_stage_max_diff": null,
      "hidden_stage_mean_diff": null,
      "norm_max_diff": null,
      "norm_mean_diff": null,
      "stage_max_diff": null,
      "stage_mean_diff": null,
      "predicted_token_id": null,
      "reference_token_id": null
    }
  ],
  "generated_token_ids": [
    104455,
    9909,
    9286,
    16488
  ],
  "generated_text": "人工智能（Artificial",
  "runtime_metrics": {
    "timing": {
      "runtime_total_seconds": 5.91511
    },
    "startup": {
      "event_count": 6,
      "events": [
        {
          "component": "pp-direct-loader",
          "message": "prepare runtime-only text prompt metadata",
          "status": "done",
          "elapsed_seconds": 0.573631,
          "kind": "other_seconds"
        },
        {
          "component": "tensor-bcast",
          "message": "broadcast runtime_only_text_prompt_metadata src=0",
          "status": "done",
          "elapsed_seconds": 0.036939,
          "kind": "other_seconds"
        },
        {
          "component": "direct-builder:text_generate",
          "message": "prepare runtime-only text session stages=[0:0-11]",
          "status": "done",
          "elapsed_seconds": 0.003336,
          "kind": "prepare_session_seconds"
        },
        {
          "component": "direct-builder:text_generate",
          "message": "load text stage weights stage_idx=0 range=0:11",
          "status": "done",
          "elapsed_seconds": 0.017253,
          "kind": "other_seconds"
        },
        {
          "component": "direct-builder:text_generate",
          "message": "materialize stage_idx=0 range=0:11",
          "status": "done",
          "elapsed_seconds": 0.019002,
          "kind": "materialize_stage_seconds"
        },
        {
          "component": "pp-direct-loader",
          "message": "post-load barrier rank=0",
          "status": "done",
          "elapsed_seconds": 0.002308,
          "kind": "post_load_barrier_seconds"
        }
      ],
      "totals_by_component": {
        "direct-builder:text_generate": 0.039591,
        "pp-direct-loader": 0.575939,
        "tensor-bcast": 0.036939
      },
      "totals_by_kind": {
        "materialize_stage_seconds": 0.019002,
        "other_seconds": 0.627823,
        "post_load_barrier_seconds": 0.002308,
        "prepare_session_seconds": 0.003336,
        "scaffold_transport_seconds": 0.0,
        "startup_contract_prepare_seconds": 0.0,
        "startup_contract_seconds": 0.0,
        "startup_contract_transport_seconds": 0.0
      }
    },
    "transport": {
      "event_count": 5,
      "events": [
        {
          "kind": "other",
          "channel": "tensor-bcast",
          "operation": "broadcast",
          "label": "runtime_only_text_prompt_metadata",
          "peer": 0,
          "status": "done",
          "elapsed_seconds": 0.036939,
          "object_bytes": null,
          "is_empty": false,
          "num_tensors": 2,
          "payload_keys": [
            "input_ids",
            "attention_mask"
          ],
          "tensor_shapes": {
            "input_ids": [
              1,
              16
            ],
            "attention_mask": null
          },
          "tensor_dtypes": {
            "input_ids": "torch.int64",
            "attention_mask": null
          },
          "tensor_numels": {
            "input_ids": 16,
            "attention_mask": 0
          },
          "tensor_bytes": {
            "input_ids": 128,
            "attention_mask": 0
          },
          "total_tensor_bytes": 128
        },
        {
          "kind": "stage_handoff",
          "channel": "stage_handoff",
          "operation": "send",
          "label": "stage_handoff",
          "peer": 1,
          "status": "done",
          "elapsed_seconds": 0.006029,
          "object_bytes": null,
          "is_empty": false,
          "num_tensors": 1,
          "payload_keys": [
            "hidden_states"
          ],
          "tensor_shapes": {
            "hidden_states": [
              1,
              16,
              2560
            ]
          },
          "tensor_dtypes": {
            "hidden_states": "torch.float32"
          },
          "tensor_numels": {
            "hidden_states": 40960
          },
          "tensor_bytes": {
            "hidden_states": 163840
          },
          "total_tensor_bytes": 163840
        },
        {
          "kind": "stage_handoff",
          "channel": "stage_handoff",
          "operation": "send",
          "label": "stage_handoff",
          "peer": 1,
          "status": "done",
          "elapsed_seconds": 0.006118,
          "object_bytes": null,
          "is_empty": false,
          "num_tensors": 1,
          "payload_keys": [
            "hidden_states"
          ],
          "tensor_shapes": {
            "hidden_states": [
              1,
              1,
              2560
            ]
          },
          "tensor_dtypes": {
            "hidden_states": "torch.float32"
          },
          "tensor_numels": {
            "hidden_states": 2560
          },
          "tensor_bytes": {
            "hidden_states": 10240
          },
          "total_tensor_bytes": 10240
        },
        {
          "kind": "stage_handoff",
          "channel": "stage_handoff",
          "operation": "send",
          "label": "stage_handoff",
          "peer": 1,
          "status": "done",
          "elapsed_seconds": 0.009625,
          "object_bytes": null,
          "is_empty": false,
          "num_tensors": 1,
          "payload_keys": [
            "hidden_states"
          ],
          "tensor_shapes": {
            "hidden_states": [
              1,
              1,
              2560
            ]
          },
          "tensor_dtypes": {
            "hidden_states": "torch.float32"
          },
          "tensor_numels": {
            "hidden_states": 2560
          },
          "tensor_bytes": {
            "hidden_states": 10240
          },
          "total_tensor_bytes": 10240
        },
        {
          "kind": "stage_handoff",
          "channel": "stage_handoff",
          "operation": "send",
          "label": "stage_handoff",
          "peer": 1,
          "status": "done",
          "elapsed_seconds": 0.013048,
          "object_bytes": null,
          "is_empty": false,
          "num_tensors": 1,
          "payload_keys": [
            "hidden_states"
          ],
          "tensor_shapes": {
            "hidden_states": [
              1,
              1,
              2560
            ]
          },
          "tensor_dtypes": {
            "hidden_states": "torch.float32"
          },
          "tensor_numels": {
            "hidden_states": 2560
          },
          "tensor_bytes": {
            "hidden_states": 10240
          },
          "total_tensor_bytes": 10240
        }
      ],
      "totals_by_kind": {
        "other": {
          "event_count": 1,
          "elapsed_seconds": 0.036939,
          "object_bytes": 0,
          "tensor_bytes": 128,
          "total_bytes": 128
        },
        "scaffold": {
          "event_count": 0,
          "elapsed_seconds": 0.0,
          "object_bytes": 0,
          "tensor_bytes": 0,
          "total_bytes": 0
        },
        "stage_handoff": {
          "event_count": 4,
          "elapsed_seconds": 0.03482,
          "object_bytes": 0,
          "tensor_bytes": 194560,
          "total_bytes": 194560
        },
        "startup_contract": {
          "event_count": 0,
          "elapsed_seconds": 0.0,
          "object_bytes": 0,
          "tensor_bytes": 0,
          "total_bytes": 0
        },
        "tp_collective": {
          "event_count": 0,
          "elapsed_seconds": 0.0,
          "object_bytes": 0,
          "tensor_bytes": 0,
          "total_bytes": 0
        }
      },
      "totals_by_channel": {
        "stage_handoff": {
          "event_count": 4,
          "elapsed_seconds": 0.03482,
          "object_bytes": 0,
          "tensor_bytes": 194560,
          "total_bytes": 194560
        },
        "tensor-bcast": {
          "event_count": 1,
          "elapsed_seconds": 0.036939,
          "object_bytes": 0,
          "tensor_bytes": 128,
          "total_bytes": 128
        }
      }
    },
    "memory": {
      "cpu_max_rss_bytes": 3808825344,
      "cuda_available": true,
      "devices": [
        {
          "device": "cuda:0",
          "memory_allocated_bytes": 8519680,
          "memory_reserved_bytes": 3263168512,
          "max_memory_allocated_bytes": 3248208896,
          "max_memory_reserved_bytes": 3263168512
        }
      ],
      "peak_allocated_bytes": 3248208896,
      "peak_reserved_bytes": 3263168512
    }
  }
}
