[Gloo] Rank 1 is connected to 2 peer ranks. Expected number of connected peer ranks is : 2
[pre-init] host=jetson2 rank=1 world_size=3 master=10.126.126.3:29632
[startup][pp-direct-loader] host=jetson2 rank=1 local_rank=0 rank=1 waiting multimodal_startup_contract stage_idx=1 from src=0
[startup][object-recv] host=jetson2 rank=1 local_rank=0 waiting multimodal_startup_contract_meta stage_idx=1 from src=0
[startup][object-recv] host=jetson2 rank=1 local_rank=0 received multimodal_startup_contract_meta stage_idx=1 from src=0 bytes=422
[startup][tensor-recv] host=jetson2 rank=1 local_rank=0 waiting multimodal_startup_contract_tensors stage_idx=1 from src=0
[startup][tensor-recv] host=jetson2 rank=1 local_rank=0 received multimodal_startup_contract_tensors stage_idx=1 from src=0 tensors=13
[startup][pp-direct-loader] host=jetson2 rank=1 local_rank=0 rank=1 locally building stage_idx=1 range=12:23
[startup][direct-builder:multimodal_generate] host=jetson2 rank=1 local_rank=0 begin prepare multimodal direct session stages=[1:12-23]
[startup][direct-builder:multimodal_generate] host=jetson2 rank=1 local_rank=0 done prepare multimodal direct session stages=[1:12-23] in 0.10s
[startup][direct-builder:multimodal_generate] host=jetson2 rank=1 local_rank=0 builder session ready session_kind=mm-direct device=cuda:0 state_device=cpu compute_dtype=torch.bfloat16 num_layers=36 tp_shard_rank=None tp_shard_world_size=None include_text_weights=True include_runtime_reference=False
[startup][direct-builder:multimodal_generate] host=jetson2 rank=1 local_rank=0 multimodal_frontend_mode=consume-only seed_ready=True startup_contract_ready=True
[startup][direct-builder:multimodal_generate] host=jetson2 rank=1 local_rank=0 reuse multimodal startup contract stages=[1:12-23]
[startup][direct-builder:multimodal_generate] host=jetson2 rank=1 local_rank=0 begin materialize stage_idx=1 range=12:23
[startup][direct-builder:multimodal_generate] host=jetson2 rank=1 local_rank=0 begin load text stage weights stage_idx=1 range=12:23
[startup][direct-builder:multimodal_generate] host=jetson2 rank=1 local_rank=0 done load text stage weights stage_idx=1 range=12:23 in 0.02s
[startup][direct-builder:multimodal_generate] host=jetson2 rank=1 local_rank=0 done materialize stage_idx=1 range=12:23 in 0.03s
[startup][direct-builder:multimodal_generate] host=jetson2 rank=1 local_rank=0 releasing builder session session_kind=mm-direct
[startup][pp-direct-loader] host=jetson2 rank=1 local_rank=0 rank=1 entering post-load barrier
[startup][pp-direct-loader] host=jetson2 rank=1 local_rank=0 begin post-load barrier rank=1
[startup][pp-direct-loader] host=jetson2 rank=1 local_rank=0 done post-load barrier rank=1 in 1.16s
[startup][pp-direct-loader] host=jetson2 rank=1 local_rank=0 rank=1 local stage ready compute_dtype=torch.bfloat16
{
  "rank": 1,
  "backend": "pp",
  "pipeline_type": "multimodal_generate",
  "stage_idx": 1,
  "num_stages": 3,
  "start_idx": 12,
  "end_idx": 23,
  "num_layers": 12,
  "weight_load": {
    "tp_weight_sharded": false,
    "tp_shard_rank": null,
    "tp_shard_world_size": null,
    "tp_local_dims": {
      "local_attention_hidden_size": null,
      "local_kv_hidden_size": null,
      "local_intermediate_size": null
    },
    "tp_shard_shape_ok": true,
    "tp_sharded_projection_check_count": 0,
    "tp_shard_shape_mismatches": [],
    "tp_sharded_projection_examples": [],
    "tp_stage_loaded_weight_tensor_bytes": null,
    "tp_stage_loaded_weight_tensor_bytes_equal": null,
    "tp_stage_loaded_weight_tensor_bytes_checked": null,
    "stage_start_idx": 12,
    "stage_end_idx": 23,
    "loaded_layer_indices": [
      12,
      13,
      14,
      15,
      16,
      17,
      18,
      19,
      20,
      21,
      22,
      23
    ],
    "loaded_layer_count": 12,
    "loaded_top_level_weight_names": [],
    "unexpected_layer_indices": [],
    "stage_weight_scope_ok": true,
    "loaded_weight_tensor_count": 132,
    "loaded_weight_tensor_bytes": 2422339584,
    "loaded_weight_tensor_mib": 2310.123,
    "loaded_weight_tensor_examples": [
      {
        "name": "layers.12.q_weight",
        "shape": [
          4096,
          2560
        ],
        "dtype": "torch.bfloat16",
        "bytes": 20971520
      },
      {
        "name": "layers.12.k_weight",
        "shape": [
          1024,
          2560
        ],
        "dtype": "torch.bfloat16",
        "bytes": 5242880
      },
      {
        "name": "layers.12.v_weight",
        "shape": [
          1024,
          2560
        ],
        "dtype": "torch.bfloat16",
        "bytes": 5242880
      },
      {
        "name": "layers.12.o_weight",
        "shape": [
          2560,
          4096
        ],
        "dtype": "torch.bfloat16",
        "bytes": 20971520
      },
      {
        "name": "layers.12.q_norm_weight",
        "shape": [
          128
        ],
        "dtype": "torch.bfloat16",
        "bytes": 256
      },
      {
        "name": "layers.12.k_norm_weight",
        "shape": [
          128
        ],
        "dtype": "torch.bfloat16",
        "bytes": 256
      },
      {
        "name": "layers.12.gate_weight",
        "shape": [
          9728,
          2560
        ],
        "dtype": "torch.bfloat16",
        "bytes": 49807360
      },
      {
        "name": "layers.12.up_weight",
        "shape": [
          9728,
          2560
        ],
        "dtype": "torch.bfloat16",
        "bytes": 49807360
      }
    ],
    "tp_sharded_parameter_count": 0,
    "tp_replicated_parameter_count": 0,
    "tp_sharded_parameter_examples": [],
    "tp_replicated_parameter_examples": []
  },
  "device": "cuda:0",
  "comm_dtype": "torch.float32",
  "prefill_seq_len": 627,
  "max_new_tokens": 4,
  "prefill": {
    "input_shape": [
      1,
      627,
      2560
    ],
    "output_shape": [
      1,
      627,
      2560
    ],
    "received_payload_keys": [
      "hidden_states"
    ],
    "sent_payload_keys": [
      "hidden_states"
    ],
    "sent_tensor_shapes": {
      "hidden_states": [
        1,
        627,
        2560
      ]
    },
    "boundary_max_diff": 0.0,
    "boundary_mean_diff": 0.0,
    "embedding_max_diff": null,
    "embedding_mean_diff": null,
    "hidden_stage_max_diff": null,
    "hidden_stage_mean_diff": null,
    "norm_max_diff": null,
    "norm_mean_diff": null,
    "stage_max_diff": null,
    "stage_mean_diff": null,
    "predicted_token_id": null,
    "reference_token_id": null
  },
  "steps": [
    {
      "input_shape": [
        1,
        1,
        2560
      ],
      "output_shape": [
        1,
        1,
        2560
      ],
      "received_payload_keys": [
        "hidden_states"
      ],
      "sent_payload_keys": [
        "hidden_states"
      ],
      "sent_tensor_shapes": {
        "hidden_states": [
          1,
          1,
          2560
        ]
      },
      "boundary_max_diff": null,
      "boundary_mean_diff": null,
      "embedding_max_diff": null,
      "embedding_mean_diff": null,
      "hidden_stage_max_diff": null,
      "hidden_stage_mean_diff": null,
      "norm_max_diff": null,
      "norm_mean_diff": null,
      "stage_max_diff": null,
      "stage_mean_diff": null,
      "predicted_token_id": null,
      "reference_token_id": null
    },
    {
      "input_shape": [
        1,
        1,
        2560
      ],
      "output_shape": [
        1,
        1,
        2560
      ],
      "received_payload_keys": [
        "hidden_states"
      ],
      "sent_payload_keys": [
        "hidden_states"
      ],
      "sent_tensor_shapes": {
        "hidden_states": [
          1,
          1,
          2560
        ]
      },
      "boundary_max_diff": null,
      "boundary_mean_diff": null,
      "embedding_max_diff": null,
      "embedding_mean_diff": null,
      "hidden_stage_max_diff": null,
      "hidden_stage_mean_diff": null,
      "norm_max_diff": null,
      "norm_mean_diff": null,
      "stage_max_diff": null,
      "stage_mean_diff": null,
      "predicted_token_id": null,
      "reference_token_id": null
    },
    {
      "input_shape": [
        1,
        1,
        2560
      ],
      "output_shape": [
        1,
        1,
        2560
      ],
      "received_payload_keys": [
        "hidden_states"
      ],
      "sent_payload_keys": [
        "hidden_states"
      ],
      "sent_tensor_shapes": {
        "hidden_states": [
          1,
          1,
          2560
        ]
      },
      "boundary_max_diff": null,
      "boundary_mean_diff": null,
      "embedding_max_diff": null,
      "embedding_mean_diff": null,
      "hidden_stage_max_diff": null,
      "hidden_stage_mean_diff": null,
      "norm_max_diff": null,
      "norm_mean_diff": null,
      "stage_max_diff": null,
      "stage_mean_diff": null,
      "predicted_token_id": null,
      "reference_token_id": null
    }
  ],
  "generated_token_ids": [
    87140,
    15946,
    3837,
    101177
  ],
  "generated_text": "视频中，一名",
  "runtime_metrics": {
    "timing": {
      "runtime_total_seconds": 31.983542
    },
    "startup": {
      "event_count": 6,
      "events": [
        {
          "component": "object-recv",
          "message": "recv multimodal_startup_contract_meta stage_idx=1 from src=0",
          "status": "done",
          "elapsed_seconds": 23.446972,
          "kind": "startup_contract_transport_seconds"
        },
        {
          "component": "tensor-recv",
          "message": "recv multimodal_startup_contract_tensors stage_idx=1 from src=0",
          "status": "done",
          "elapsed_seconds": 0.037022,
          "kind": "startup_contract_transport_seconds"
        },
        {
          "component": "direct-builder:multimodal_generate",
          "message": "prepare multimodal direct session stages=[1:12-23]",
          "status": "done",
          "elapsed_seconds": 0.101584,
          "kind": "prepare_session_seconds"
        },
        {
          "component": "direct-builder:multimodal_generate",
          "message": "load text stage weights stage_idx=1 range=12:23",
          "status": "done",
          "elapsed_seconds": 0.022946,
          "kind": "other_seconds"
        },
        {
          "component": "direct-builder:multimodal_generate",
          "message": "materialize stage_idx=1 range=12:23",
          "status": "done",
          "elapsed_seconds": 0.025204,
          "kind": "materialize_stage_seconds"
        },
        {
          "component": "pp-direct-loader",
          "message": "post-load barrier rank=1",
          "status": "done",
          "elapsed_seconds": 1.158033,
          "kind": "post_load_barrier_seconds"
        }
      ],
      "totals_by_component": {
        "direct-builder:multimodal_generate": 0.149734,
        "object-recv": 23.446972,
        "pp-direct-loader": 1.158033,
        "tensor-recv": 0.037022
      },
      "totals_by_kind": {
        "materialize_stage_seconds": 0.025204,
        "other_seconds": 0.022946,
        "post_load_barrier_seconds": 1.158033,
        "prepare_session_seconds": 0.101584,
        "scaffold_transport_seconds": 0.0,
        "startup_contract_prepare_seconds": 0.0,
        "startup_contract_seconds": 23.483994,
        "startup_contract_transport_seconds": 23.483994
      }
    },
    "transport": {
      "event_count": 10,
      "events": [
        {
          "kind": "startup_contract",
          "channel": "object-recv",
          "operation": "recv",
          "label": "multimodal_startup_contract_meta stage_idx=1",
          "peer": 0,
          "status": "done",
          "elapsed_seconds": 23.446972,
          "object_bytes": 422
        },
        {
          "kind": "startup_contract",
          "channel": "tensor-recv",
          "operation": "recv",
          "label": "multimodal_startup_contract_tensors stage_idx=1",
          "peer": 0,
          "status": "done",
          "elapsed_seconds": 0.037022,
          "object_bytes": null,
          "is_empty": false,
          "num_tensors": 13,
          "payload_keys": [
            "shared.input_ids",
            "shared.attention_mask_2d",
            "shared.position_ids",
            "shared.attention_mask",
            "shared.cos",
            "shared.sin",
            "shared.rope_deltas",
            "shared.mm_token_type_ids",
            "shared.image_grid_thw",
            "shared.video_grid_thw",
            "stage_handoffs.1.stage_input",
            "stage_handoffs.1.stage_output",
            "stage_visuals.1.visual_pos_masks"
          ],
          "tensor_shapes": {
            "shared.input_ids": [
              1,
              627
            ],
            "shared.attention_mask_2d": [
              1,
              627
            ],
            "shared.position_ids": [
              4,
              1,
              627
            ],
            "shared.attention_mask": [
              1,
              1,
              627,
              627
            ],
            "shared.cos": [
              1,
              627,
              128
            ],
            "shared.sin": [
              1,
              627,
              128
            ],
            "shared.rope_deltas": [
              1,
              1
            ],
            "shared.mm_token_type_ids": [
              1,
              627
            ],
            "shared.image_grid_thw": null,
            "shared.video_grid_thw": [
              1,
              3
            ],
            "stage_handoffs.1.stage_input": [
              1,
              627,
              2560
            ],
            "stage_handoffs.1.stage_output": [
              1,
              627,
              2560
            ],
            "stage_visuals.1.visual_pos_masks": null
          },
          "tensor_dtypes": {
            "shared.input_ids": "torch.int64",
            "shared.attention_mask_2d": "torch.int64",
            "shared.position_ids": "torch.int64",
            "shared.attention_mask": "torch.bfloat16",
            "shared.cos": "torch.bfloat16",
            "shared.sin": "torch.bfloat16",
            "shared.rope_deltas": "torch.int64",
            "shared.mm_token_type_ids": "torch.int64",
            "shared.image_grid_thw": null,
            "shared.video_grid_thw": "torch.int64",
            "stage_handoffs.1.stage_input": "torch.bfloat16",
            "stage_handoffs.1.stage_output": "torch.bfloat16",
            "stage_visuals.1.visual_pos_masks": null
          },
          "tensor_numels": {
            "shared.input_ids": 627,
            "shared.attention_mask_2d": 627,
            "shared.position_ids": 2508,
            "shared.attention_mask": 393129,
            "shared.cos": 80256,
            "shared.sin": 80256,
            "shared.rope_deltas": 1,
            "shared.mm_token_type_ids": 627,
            "shared.image_grid_thw": 0,
            "shared.video_grid_thw": 3,
            "stage_handoffs.1.stage_input": 1605120,
            "stage_handoffs.1.stage_output": 1605120,
            "stage_visuals.1.visual_pos_masks": 0
          },
          "tensor_bytes": {
            "shared.input_ids": 5016,
            "shared.attention_mask_2d": 5016,
            "shared.position_ids": 20064,
            "shared.attention_mask": 786258,
            "shared.cos": 160512,
            "shared.sin": 160512,
            "shared.rope_deltas": 8,
            "shared.mm_token_type_ids": 5016,
            "shared.image_grid_thw": 0,
            "shared.video_grid_thw": 24,
            "stage_handoffs.1.stage_input": 3210240,
            "stage_handoffs.1.stage_output": 3210240,
            "stage_visuals.1.visual_pos_masks": 0
          },
          "total_tensor_bytes": 7562906
        },
        {
          "kind": "stage_handoff",
          "channel": "stage_handoff",
          "operation": "recv",
          "label": "stage_handoff",
          "peer": 0,
          "status": "done",
          "elapsed_seconds": 0.559022,
          "object_bytes": null,
          "is_empty": false,
          "num_tensors": 1,
          "payload_keys": [
            "hidden_states"
          ],
          "tensor_shapes": {
            "hidden_states": [
              1,
              627,
              2560
            ]
          },
          "tensor_dtypes": {
            "hidden_states": "torch.bfloat16"
          },
          "tensor_numels": {
            "hidden_states": 1605120
          },
          "tensor_bytes": {
            "hidden_states": 3210240
          },
          "total_tensor_bytes": 3210240
        },
        {
          "kind": "stage_handoff",
          "channel": "stage_handoff",
          "operation": "send",
          "label": "stage_handoff",
          "peer": 2,
          "status": "done",
          "elapsed_seconds": 0.680181,
          "object_bytes": null,
          "is_empty": false,
          "num_tensors": 1,
          "payload_keys": [
            "hidden_states"
          ],
          "tensor_shapes": {
            "hidden_states": [
              1,
              627,
              2560
            ]
          },
          "tensor_dtypes": {
            "hidden_states": "torch.float32"
          },
          "tensor_numels": {
            "hidden_states": 1605120
          },
          "tensor_bytes": {
            "hidden_states": 6420480
          },
          "total_tensor_bytes": 6420480
        },
        {
          "kind": "stage_handoff",
          "channel": "stage_handoff",
          "operation": "recv",
          "label": "stage_handoff",
          "peer": 0,
          "status": "done",
          "elapsed_seconds": 0.005073,
          "object_bytes": null,
          "is_empty": false,
          "num_tensors": 1,
          "payload_keys": [
            "hidden_states"
          ],
          "tensor_shapes": {
            "hidden_states": [
              1,
              1,
              2560
            ]
          },
          "tensor_dtypes": {
            "hidden_states": "torch.bfloat16"
          },
          "tensor_numels": {
            "hidden_states": 2560
          },
          "tensor_bytes": {
            "hidden_states": 5120
          },
          "total_tensor_bytes": 5120
        },
        {
          "kind": "stage_handoff",
          "channel": "stage_handoff",
          "operation": "send",
          "label": "stage_handoff",
          "peer": 2,
          "status": "done",
          "elapsed_seconds": 0.026721,
          "object_bytes": null,
          "is_empty": false,
          "num_tensors": 1,
          "payload_keys": [
            "hidden_states"
          ],
          "tensor_shapes": {
            "hidden_states": [
              1,
              1,
              2560
            ]
          },
          "tensor_dtypes": {
            "hidden_states": "torch.float32"
          },
          "tensor_numels": {
            "hidden_states": 2560
          },
          "tensor_bytes": {
            "hidden_states": 10240
          },
          "total_tensor_bytes": 10240
        },
        {
          "kind": "stage_handoff",
          "channel": "stage_handoff",
          "operation": "recv",
          "label": "stage_handoff",
          "peer": 0,
          "status": "done",
          "elapsed_seconds": 0.105345,
          "object_bytes": null,
          "is_empty": false,
          "num_tensors": 1,
          "payload_keys": [
            "hidden_states"
          ],
          "tensor_shapes": {
            "hidden_states": [
              1,
              1,
              2560
            ]
          },
          "tensor_dtypes": {
            "hidden_states": "torch.bfloat16"
          },
          "tensor_numels": {
            "hidden_states": 2560
          },
          "tensor_bytes": {
            "hidden_states": 5120
          },
          "total_tensor_bytes": 5120
        },
        {
          "kind": "stage_handoff",
          "channel": "stage_handoff",
          "operation": "send",
          "label": "stage_handoff",
          "peer": 2,
          "status": "done",
          "elapsed_seconds": 0.024368,
          "object_bytes": null,
          "is_empty": false,
          "num_tensors": 1,
          "payload_keys": [
            "hidden_states"
          ],
          "tensor_shapes": {
            "hidden_states": [
              1,
              1,
              2560
            ]
          },
          "tensor_dtypes": {
            "hidden_states": "torch.float32"
          },
          "tensor_numels": {
            "hidden_states": 2560
          },
          "tensor_bytes": {
            "hidden_states": 10240
          },
          "total_tensor_bytes": 10240
        },
        {
          "kind": "stage_handoff",
          "channel": "stage_handoff",
          "operation": "recv",
          "label": "stage_handoff",
          "peer": 0,
          "status": "done",
          "elapsed_seconds": 0.0969,
          "object_bytes": null,
          "is_empty": false,
          "num_tensors": 1,
          "payload_keys": [
            "hidden_states"
          ],
          "tensor_shapes": {
            "hidden_states": [
              1,
              1,
              2560
            ]
          },
          "tensor_dtypes": {
            "hidden_states": "torch.bfloat16"
          },
          "tensor_numels": {
            "hidden_states": 2560
          },
          "tensor_bytes": {
            "hidden_states": 5120
          },
          "total_tensor_bytes": 5120
        },
        {
          "kind": "stage_handoff",
          "channel": "stage_handoff",
          "operation": "send",
          "label": "stage_handoff",
          "peer": 2,
          "status": "done",
          "elapsed_seconds": 0.021593,
          "object_bytes": null,
          "is_empty": false,
          "num_tensors": 1,
          "payload_keys": [
            "hidden_states"
          ],
          "tensor_shapes": {
            "hidden_states": [
              1,
              1,
              2560
            ]
          },
          "tensor_dtypes": {
            "hidden_states": "torch.float32"
          },
          "tensor_numels": {
            "hidden_states": 2560
          },
          "tensor_bytes": {
            "hidden_states": 10240
          },
          "total_tensor_bytes": 10240
        }
      ],
      "totals_by_kind": {
        "other": {
          "event_count": 0,
          "elapsed_seconds": 0.0,
          "object_bytes": 0,
          "tensor_bytes": 0,
          "total_bytes": 0
        },
        "scaffold": {
          "event_count": 0,
          "elapsed_seconds": 0.0,
          "object_bytes": 0,
          "tensor_bytes": 0,
          "total_bytes": 0
        },
        "stage_handoff": {
          "event_count": 8,
          "elapsed_seconds": 1.519203,
          "object_bytes": 0,
          "tensor_bytes": 9676800,
          "total_bytes": 9676800
        },
        "startup_contract": {
          "event_count": 2,
          "elapsed_seconds": 23.483994,
          "object_bytes": 422,
          "tensor_bytes": 7562906,
          "total_bytes": 7563328
        },
        "tp_collective": {
          "event_count": 0,
          "elapsed_seconds": 0.0,
          "object_bytes": 0,
          "tensor_bytes": 0,
          "total_bytes": 0
        }
      },
      "totals_by_channel": {
        "object-recv": {
          "event_count": 1,
          "elapsed_seconds": 23.446972,
          "object_bytes": 422,
          "tensor_bytes": 0,
          "total_bytes": 422
        },
        "stage_handoff": {
          "event_count": 8,
          "elapsed_seconds": 1.519203,
          "object_bytes": 0,
          "tensor_bytes": 9676800,
          "total_bytes": 9676800
        },
        "tensor-recv": {
          "event_count": 1,
          "elapsed_seconds": 0.037022,
          "object_bytes": 0,
          "tensor_bytes": 7562906,
          "total_bytes": 7562906
        }
      }
    },
    "memory": {
      "cpu_max_rss_bytes": 3060133888,
      "cuda_available": true,
      "devices": [
        {
          "device": "cuda:0",
          "memory_allocated_bytes": 8519680,
          "memory_reserved_bytes": 3414163456,
          "max_memory_allocated_bytes": 3348215296,
          "max_memory_reserved_bytes": 3414163456
        }
      ],
      "peak_allocated_bytes": 3348215296,
      "peak_reserved_bytes": 3414163456
    }
  }
}
