[Gloo] Rank 2 is connected to 2 peer ranks. Expected number of connected peer ranks is : 2
[pre-init] host=jetson3 rank=2 world_size=3 master=10.126.126.3:29632
[startup][pp-direct-loader] host=jetson3 rank=2 local_rank=0 rank=2 waiting multimodal_startup_contract stage_idx=2 from src=0
[startup][object-recv] host=jetson3 rank=2 local_rank=0 waiting multimodal_startup_contract_meta stage_idx=2 from src=0
[startup][object-recv] host=jetson3 rank=2 local_rank=0 received multimodal_startup_contract_meta stage_idx=2 from src=0 bytes=422
[startup][tensor-recv] host=jetson3 rank=2 local_rank=0 waiting multimodal_startup_contract_tensors stage_idx=2 from src=0
[startup][tensor-recv] host=jetson3 rank=2 local_rank=0 received multimodal_startup_contract_tensors stage_idx=2 from src=0 tensors=13
[startup][pp-direct-loader] host=jetson3 rank=2 local_rank=0 rank=2 locally building stage_idx=2 range=24:35
[startup][direct-builder:multimodal_generate] host=jetson3 rank=2 local_rank=0 begin prepare multimodal direct session stages=[2:24-35]
[startup][direct-builder:multimodal_generate] host=jetson3 rank=2 local_rank=0 done prepare multimodal direct session stages=[2:24-35] in 0.35s
[startup][direct-builder:multimodal_generate] host=jetson3 rank=2 local_rank=0 builder session ready session_kind=mm-direct device=cuda:0 state_device=cpu compute_dtype=torch.bfloat16 num_layers=36 tp_shard_rank=None tp_shard_world_size=None include_text_weights=True include_runtime_reference=False
[startup][direct-builder:multimodal_generate] host=jetson3 rank=2 local_rank=0 multimodal_frontend_mode=consume-only seed_ready=True startup_contract_ready=True
[startup][direct-builder:multimodal_generate] host=jetson3 rank=2 local_rank=0 reuse multimodal startup contract stages=[2:24-35]
[startup][direct-builder:multimodal_generate] host=jetson3 rank=2 local_rank=0 begin materialize stage_idx=2 range=24:35
[startup][direct-builder:multimodal_generate] host=jetson3 rank=2 local_rank=0 begin load text stage weights stage_idx=2 range=24:35
[startup][direct-builder:multimodal_generate] host=jetson3 rank=2 local_rank=0 done load text stage weights stage_idx=2 range=24:35 in 0.02s
[startup][direct-builder:multimodal_generate] host=jetson3 rank=2 local_rank=0 done materialize stage_idx=2 range=24:35 in 0.02s
[startup][direct-builder:multimodal_generate] host=jetson3 rank=2 local_rank=0 releasing builder session session_kind=mm-direct
[startup][pp-direct-loader] host=jetson3 rank=2 local_rank=0 rank=2 entering post-load barrier
[startup][pp-direct-loader] host=jetson3 rank=2 local_rank=0 begin post-load barrier rank=2
[startup][pp-direct-loader] host=jetson3 rank=2 local_rank=0 done post-load barrier rank=2 in 0.32s
[startup][pp-direct-loader] host=jetson3 rank=2 local_rank=0 rank=2 local stage ready compute_dtype=torch.bfloat16
{
  "rank": 2,
  "backend": "pp",
  "pipeline_type": "multimodal_generate",
  "stage_idx": 2,
  "num_stages": 3,
  "start_idx": 24,
  "end_idx": 35,
  "num_layers": 12,
  "weight_load": {
    "tp_weight_sharded": false,
    "tp_shard_rank": null,
    "tp_shard_world_size": null,
    "tp_local_dims": {
      "local_attention_hidden_size": null,
      "local_kv_hidden_size": null,
      "local_intermediate_size": null
    },
    "tp_shard_shape_ok": true,
    "tp_sharded_projection_check_count": 0,
    "tp_shard_shape_mismatches": [],
    "tp_sharded_projection_examples": [],
    "tp_stage_loaded_weight_tensor_bytes": null,
    "tp_stage_loaded_weight_tensor_bytes_equal": null,
    "tp_stage_loaded_weight_tensor_bytes_checked": null,
    "stage_start_idx": 24,
    "stage_end_idx": 35,
    "loaded_layer_indices": [
      24,
      25,
      26,
      27,
      28,
      29,
      30,
      31,
      32,
      33,
      34,
      35
    ],
    "loaded_layer_count": 12,
    "loaded_top_level_weight_names": [
      "final_norm_weight",
      "lm_head_weight"
    ],
    "unexpected_layer_indices": [],
    "stage_weight_scope_ok": true,
    "loaded_weight_tensor_count": 134,
    "loaded_weight_tensor_bytes": 3200257024,
    "loaded_weight_tensor_mib": 3052.003,
    "loaded_weight_tensor_examples": [
      {
        "name": "final_norm_weight",
        "shape": [
          2560
        ],
        "dtype": "torch.bfloat16",
        "bytes": 5120
      },
      {
        "name": "lm_head_weight",
        "shape": [
          151936,
          2560
        ],
        "dtype": "torch.bfloat16",
        "bytes": 777912320
      },
      {
        "name": "layers.24.q_weight",
        "shape": [
          4096,
          2560
        ],
        "dtype": "torch.bfloat16",
        "bytes": 20971520
      },
      {
        "name": "layers.24.k_weight",
        "shape": [
          1024,
          2560
        ],
        "dtype": "torch.bfloat16",
        "bytes": 5242880
      },
      {
        "name": "layers.24.v_weight",
        "shape": [
          1024,
          2560
        ],
        "dtype": "torch.bfloat16",
        "bytes": 5242880
      },
      {
        "name": "layers.24.o_weight",
        "shape": [
          2560,
          4096
        ],
        "dtype": "torch.bfloat16",
        "bytes": 20971520
      },
      {
        "name": "layers.24.q_norm_weight",
        "shape": [
          128
        ],
        "dtype": "torch.bfloat16",
        "bytes": 256
      },
      {
        "name": "layers.24.k_norm_weight",
        "shape": [
          128
        ],
        "dtype": "torch.bfloat16",
        "bytes": 256
      }
    ],
    "tp_sharded_parameter_count": 0,
    "tp_replicated_parameter_count": 0,
    "tp_sharded_parameter_examples": [],
    "tp_replicated_parameter_examples": []
  },
  "device": "cuda:0",
  "comm_dtype": "torch.float32",
  "prefill_seq_len": 627,
  "max_new_tokens": 4,
  "prefill": {
    "input_shape": [
      1,
      627,
      2560
    ],
    "output_shape": [
      1,
      627,
      151936
    ],
    "received_payload_keys": [
      "hidden_states"
    ],
    "sent_payload_keys": [],
    "sent_tensor_shapes": {},
    "boundary_max_diff": 0.0,
    "boundary_mean_diff": 0.0,
    "embedding_max_diff": null,
    "embedding_mean_diff": null,
    "hidden_stage_max_diff": null,
    "hidden_stage_mean_diff": null,
    "norm_max_diff": null,
    "norm_mean_diff": null,
    "stage_max_diff": null,
    "stage_mean_diff": null,
    "predicted_token_id": 87140,
    "reference_token_id": null
  },
  "steps": [
    {
      "input_shape": [
        1,
        1,
        2560
      ],
      "output_shape": [
        1,
        1,
        151936
      ],
      "received_payload_keys": [
        "hidden_states"
      ],
      "sent_payload_keys": [],
      "sent_tensor_shapes": {},
      "boundary_max_diff": null,
      "boundary_mean_diff": null,
      "embedding_max_diff": null,
      "embedding_mean_diff": null,
      "hidden_stage_max_diff": null,
      "hidden_stage_mean_diff": null,
      "norm_max_diff": null,
      "norm_mean_diff": null,
      "stage_max_diff": null,
      "stage_mean_diff": null,
      "predicted_token_id": 15946,
      "reference_token_id": null
    },
    {
      "input_shape": [
        1,
        1,
        2560
      ],
      "output_shape": [
        1,
        1,
        151936
      ],
      "received_payload_keys": [
        "hidden_states"
      ],
      "sent_payload_keys": [],
      "sent_tensor_shapes": {},
      "boundary_max_diff": null,
      "boundary_mean_diff": null,
      "embedding_max_diff": null,
      "embedding_mean_diff": null,
      "hidden_stage_max_diff": null,
      "hidden_stage_mean_diff": null,
      "norm_max_diff": null,
      "norm_mean_diff": null,
      "stage_max_diff": null,
      "stage_mean_diff": null,
      "predicted_token_id": 3837,
      "reference_token_id": null
    },
    {
      "input_shape": [
        1,
        1,
        2560
      ],
      "output_shape": [
        1,
        1,
        151936
      ],
      "received_payload_keys": [
        "hidden_states"
      ],
      "sent_payload_keys": [],
      "sent_tensor_shapes": {},
      "boundary_max_diff": null,
      "boundary_mean_diff": null,
      "embedding_max_diff": null,
      "embedding_mean_diff": null,
      "hidden_stage_max_diff": null,
      "hidden_stage_mean_diff": null,
      "norm_max_diff": null,
      "norm_mean_diff": null,
      "stage_max_diff": null,
      "stage_mean_diff": null,
      "predicted_token_id": 101177,
      "reference_token_id": null
    }
  ],
  "generated_token_ids": [
    87140,
    15946,
    3837,
    101177
  ],
  "prefill_topk": [
    {
      "token_id": 87140,
      "logit": 37.5
    },
    {
      "token_id": 106568,
      "logit": 36.0
    },
    {
      "token_id": 101961,
      "logit": 36.0
    },
    {
      "token_id": 101177,
      "logit": 35.25
    },
    {
      "token_id": 46944,
      "logit": 34.75
    }
  ],
  "step_topks": [
    {
      "step_idx": 0,
      "topk": [
        {
          "token_id": 15946,
          "logit": 35.5
        },
        {
          "token_id": 101987,
          "logit": 34.0
        },
        {
          "token_id": 54021,
          "logit": 31.0
        },
        {
          "token_id": 101047,
          "logit": 29.125
        },
        {
          "token_id": 69249,
          "logit": 27.75
        }
      ]
    },
    {
      "step_idx": 1,
      "topk": [
        {
          "token_id": 3837,
          "logit": 36.5
        },
        {
          "token_id": 101961,
          "logit": 34.25
        },
        {
          "token_id": 101177,
          "logit": 34.25
        },
        {
          "token_id": 46944,
          "logit": 30.625
        },
        {
          "token_id": 114082,
          "logit": 30.125
        }
      ]
    },
    {
      "step_idx": 2,
      "topk": [
        {
          "token_id": 101177,
          "logit": 35.5
        },
        {
          "token_id": 101961,
          "logit": 35.5
        },
        {
          "token_id": 46944,
          "logit": 31.375
        },
        {
          "token_id": 101977,
          "logit": 26.875
        },
        {
          "token_id": 114082,
          "logit": 25.875
        }
      ]
    }
  ],
  "generated_text": "视频中，一名",
  "runtime_metrics": {
    "timing": {
      "runtime_total_seconds": 32.028465
    },
    "startup": {
      "event_count": 6,
      "events": [
        {
          "component": "object-recv",
          "message": "recv multimodal_startup_contract_meta stage_idx=2 from src=0",
          "status": "done",
          "elapsed_seconds": 23.370684,
          "kind": "startup_contract_transport_seconds"
        },
        {
          "component": "tensor-recv",
          "message": "recv multimodal_startup_contract_tensors stage_idx=2 from src=0",
          "status": "done",
          "elapsed_seconds": 0.8431,
          "kind": "startup_contract_transport_seconds"
        },
        {
          "component": "direct-builder:multimodal_generate",
          "message": "prepare multimodal direct session stages=[2:24-35]",
          "status": "done",
          "elapsed_seconds": 0.346023,
          "kind": "prepare_session_seconds"
        },
        {
          "component": "direct-builder:multimodal_generate",
          "message": "load text stage weights stage_idx=2 range=24:35",
          "status": "done",
          "elapsed_seconds": 0.019659,
          "kind": "other_seconds"
        },
        {
          "component": "direct-builder:multimodal_generate",
          "message": "materialize stage_idx=2 range=24:35",
          "status": "done",
          "elapsed_seconds": 0.021827,
          "kind": "materialize_stage_seconds"
        },
        {
          "component": "pp-direct-loader",
          "message": "post-load barrier rank=2",
          "status": "done",
          "elapsed_seconds": 0.324522,
          "kind": "post_load_barrier_seconds"
        }
      ],
      "totals_by_component": {
        "direct-builder:multimodal_generate": 0.387509,
        "object-recv": 23.370684,
        "pp-direct-loader": 0.324522,
        "tensor-recv": 0.8431
      },
      "totals_by_kind": {
        "materialize_stage_seconds": 0.021827,
        "other_seconds": 0.019659,
        "post_load_barrier_seconds": 0.324522,
        "prepare_session_seconds": 0.346023,
        "scaffold_transport_seconds": 0.0,
        "startup_contract_prepare_seconds": 0.0,
        "startup_contract_seconds": 24.213784,
        "startup_contract_transport_seconds": 24.213784
      }
    },
    "transport": {
      "event_count": 6,
      "events": [
        {
          "kind": "startup_contract",
          "channel": "object-recv",
          "operation": "recv",
          "label": "multimodal_startup_contract_meta stage_idx=2",
          "peer": 0,
          "status": "done",
          "elapsed_seconds": 23.370684,
          "object_bytes": 422
        },
        {
          "kind": "startup_contract",
          "channel": "tensor-recv",
          "operation": "recv",
          "label": "multimodal_startup_contract_tensors stage_idx=2",
          "peer": 0,
          "status": "done",
          "elapsed_seconds": 0.8431,
          "object_bytes": null,
          "is_empty": false,
          "num_tensors": 13,
          "payload_keys": [
            "shared.input_ids",
            "shared.attention_mask_2d",
            "shared.position_ids",
            "shared.attention_mask",
            "shared.cos",
            "shared.sin",
            "shared.rope_deltas",
            "shared.mm_token_type_ids",
            "shared.image_grid_thw",
            "shared.video_grid_thw",
            "stage_handoffs.2.stage_input",
            "stage_handoffs.2.stage_output",
            "stage_visuals.2.visual_pos_masks"
          ],
          "tensor_shapes": {
            "shared.input_ids": [
              1,
              627
            ],
            "shared.attention_mask_2d": [
              1,
              627
            ],
            "shared.position_ids": [
              4,
              1,
              627
            ],
            "shared.attention_mask": [
              1,
              1,
              627,
              627
            ],
            "shared.cos": [
              1,
              627,
              128
            ],
            "shared.sin": [
              1,
              627,
              128
            ],
            "shared.rope_deltas": [
              1,
              1
            ],
            "shared.mm_token_type_ids": [
              1,
              627
            ],
            "shared.image_grid_thw": null,
            "shared.video_grid_thw": [
              1,
              3
            ],
            "stage_handoffs.2.stage_input": [
              1,
              627,
              2560
            ],
            "stage_handoffs.2.stage_output": [
              1,
              627,
              2560
            ],
            "stage_visuals.2.visual_pos_masks": null
          },
          "tensor_dtypes": {
            "shared.input_ids": "torch.int64",
            "shared.attention_mask_2d": "torch.int64",
            "shared.position_ids": "torch.int64",
            "shared.attention_mask": "torch.bfloat16",
            "shared.cos": "torch.bfloat16",
            "shared.sin": "torch.bfloat16",
            "shared.rope_deltas": "torch.int64",
            "shared.mm_token_type_ids": "torch.int64",
            "shared.image_grid_thw": null,
            "shared.video_grid_thw": "torch.int64",
            "stage_handoffs.2.stage_input": "torch.bfloat16",
            "stage_handoffs.2.stage_output": "torch.bfloat16",
            "stage_visuals.2.visual_pos_masks": null
          },
          "tensor_numels": {
            "shared.input_ids": 627,
            "shared.attention_mask_2d": 627,
            "shared.position_ids": 2508,
            "shared.attention_mask": 393129,
            "shared.cos": 80256,
            "shared.sin": 80256,
            "shared.rope_deltas": 1,
            "shared.mm_token_type_ids": 627,
            "shared.image_grid_thw": 0,
            "shared.video_grid_thw": 3,
            "stage_handoffs.2.stage_input": 1605120,
            "stage_handoffs.2.stage_output": 1605120,
            "stage_visuals.2.visual_pos_masks": 0
          },
          "tensor_bytes": {
            "shared.input_ids": 5016,
            "shared.attention_mask_2d": 5016,
            "shared.position_ids": 20064,
            "shared.attention_mask": 786258,
            "shared.cos": 160512,
            "shared.sin": 160512,
            "shared.rope_deltas": 8,
            "shared.mm_token_type_ids": 5016,
            "shared.image_grid_thw": 0,
            "shared.video_grid_thw": 24,
            "stage_handoffs.2.stage_input": 3210240,
            "stage_handoffs.2.stage_output": 3210240,
            "stage_visuals.2.visual_pos_masks": 0
          },
          "total_tensor_bytes": 7562906
        },
        {
          "kind": "stage_handoff",
          "channel": "stage_handoff",
          "operation": "recv",
          "label": "stage_handoff",
          "peer": 1,
          "status": "done",
          "elapsed_seconds": 2.130109,
          "object_bytes": null,
          "is_empty": false,
          "num_tensors": 1,
          "payload_keys": [
            "hidden_states"
          ],
          "tensor_shapes": {
            "hidden_states": [
              1,
              627,
              2560
            ]
          },
          "tensor_dtypes": {
            "hidden_states": "torch.bfloat16"
          },
          "tensor_numels": {
            "hidden_states": 1605120
          },
          "tensor_bytes": {
            "hidden_states": 3210240
          },
          "total_tensor_bytes": 3210240
        },
        {
          "kind": "stage_handoff",
          "channel": "stage_handoff",
          "operation": "recv",
          "label": "stage_handoff",
          "peer": 1,
          "status": "done",
          "elapsed_seconds": 0.174339,
          "object_bytes": null,
          "is_empty": false,
          "num_tensors": 1,
          "payload_keys": [
            "hidden_states"
          ],
          "tensor_shapes": {
            "hidden_states": [
              1,
              1,
              2560
            ]
          },
          "tensor_dtypes": {
            "hidden_states": "torch.bfloat16"
          },
          "tensor_numels": {
            "hidden_states": 2560
          },
          "tensor_bytes": {
            "hidden_states": 5120
          },
          "total_tensor_bytes": 5120
        },
        {
          "kind": "stage_handoff",
          "channel": "stage_handoff",
          "operation": "recv",
          "label": "stage_handoff",
          "peer": 1,
          "status": "done",
          "elapsed_seconds": 0.225819,
          "object_bytes": null,
          "is_empty": false,
          "num_tensors": 1,
          "payload_keys": [
            "hidden_states"
          ],
          "tensor_shapes": {
            "hidden_states": [
              1,
              1,
              2560
            ]
          },
          "tensor_dtypes": {
            "hidden_states": "torch.bfloat16"
          },
          "tensor_numels": {
            "hidden_states": 2560
          },
          "tensor_bytes": {
            "hidden_states": 5120
          },
          "total_tensor_bytes": 5120
        },
        {
          "kind": "stage_handoff",
          "channel": "stage_handoff",
          "operation": "recv",
          "label": "stage_handoff",
          "peer": 1,
          "status": "done",
          "elapsed_seconds": 0.222405,
          "object_bytes": null,
          "is_empty": false,
          "num_tensors": 1,
          "payload_keys": [
            "hidden_states"
          ],
          "tensor_shapes": {
            "hidden_states": [
              1,
              1,
              2560
            ]
          },
          "tensor_dtypes": {
            "hidden_states": "torch.bfloat16"
          },
          "tensor_numels": {
            "hidden_states": 2560
          },
          "tensor_bytes": {
            "hidden_states": 5120
          },
          "total_tensor_bytes": 5120
        }
      ],
      "totals_by_kind": {
        "other": {
          "event_count": 0,
          "elapsed_seconds": 0.0,
          "object_bytes": 0,
          "tensor_bytes": 0,
          "total_bytes": 0
        },
        "scaffold": {
          "event_count": 0,
          "elapsed_seconds": 0.0,
          "object_bytes": 0,
          "tensor_bytes": 0,
          "total_bytes": 0
        },
        "stage_handoff": {
          "event_count": 4,
          "elapsed_seconds": 2.752672,
          "object_bytes": 0,
          "tensor_bytes": 3225600,
          "total_bytes": 3225600
        },
        "startup_contract": {
          "event_count": 2,
          "elapsed_seconds": 24.213784,
          "object_bytes": 422,
          "tensor_bytes": 7562906,
          "total_bytes": 7563328
        },
        "tp_collective": {
          "event_count": 0,
          "elapsed_seconds": 0.0,
          "object_bytes": 0,
          "tensor_bytes": 0,
          "total_bytes": 0
        }
      },
      "totals_by_channel": {
        "object-recv": {
          "event_count": 1,
          "elapsed_seconds": 23.370684,
          "object_bytes": 422,
          "tensor_bytes": 0,
          "total_bytes": 422
        },
        "stage_handoff": {
          "event_count": 4,
          "elapsed_seconds": 2.752672,
          "object_bytes": 0,
          "tensor_bytes": 3225600,
          "total_bytes": 3225600
        },
        "tensor-recv": {
          "event_count": 1,
          "elapsed_seconds": 0.8431,
          "object_bytes": 0,
          "tensor_bytes": 7562906,
          "total_bytes": 7562906
        }
      }
    },
    "memory": {
      "cpu_max_rss_bytes": 3850821632,
      "cuda_available": true,
      "devices": [
        {
          "device": "cuda:0",
          "memory_allocated_bytes": 200272896,
          "memory_reserved_bytes": 4383047680,
          "max_memory_allocated_bytes": 4240188416,
          "max_memory_reserved_bytes": 4383047680
        }
      ],
      "peak_allocated_bytes": 4240188416,
      "peak_reserved_bytes": 4383047680
    }
  }
}
